{"numTotalTestSuites":2,"numPassedTestSuites":2,"numFailedTestSuites":0,"numPendingTestSuites":0,"numTotalTests":1,"numPassedTests":1,"numFailedTests":0,"numPendingTests":0,"numTodoTests":0,"snapshot":{"added":0,"failure":false,"filesAdded":0,"filesRemoved":0,"filesRemovedList":[],"filesUnmatched":0,"filesUpdated":0,"matched":0,"total":0,"unchecked":0,"uncheckedKeysByFile":[],"unmatched":0,"updated":0,"didUpdate":false},"startTime":1747646954878,"success":true,"testResults":[{"assertionResults":[{"ancestorTitles":["Hello Component"],"fullName":"Hello Component renders with corrcect name","status":"passed","title":"renders with corrcect name","duration":24.361900000003516,"failureMessages":[],"location":{"line":7,"column":3},"meta":{}}],"startTime":1747646992435,"endTime":1747646992459.3618,"status":"passed","message":"","name":"C:/Users/Kottai samy/Desktop/Learning/Vitest/src/unit_test/Hello.test.jsx"}]}