{"numTotalTestSuites":2,"numPassedTestSuites":2,"numFailedTestSuites":0,"numPendingTestSuites":0,"numTotalTests":3,"numPassedTests":3,"numFailedTests":0,"numPendingTests":0,"numTodoTests":0,"snapshot":{"added":0,"failure":false,"filesAdded":0,"filesRemoved":0,"filesRemovedList":[],"filesUnmatched":0,"filesUpdated":0,"matched":0,"total":0,"unchecked":0,"uncheckedKeysByFile":[],"unmatched":0,"updated":0,"didUpdate":false},"startTime":1747646954878,"success":true,"testResults":[{"assertionResults":[{"ancestorTitles":["Login Component"],"fullName":"Login Component shows alert when fields are empty","status":"passed","title":"shows alert when fields are empty","duration":44.83190000010654,"failureMessages":[],"location":{"line":7,"column":3},"meta":{}},{"ancestorTitles":["Login Component"],"fullName":"Login Component shows success alert for correct credentials","status":"passed","title":"shows success alert for correct credentials","duration":14.577499999664724,"failureMessages":[],"location":{"line":24,"column":3},"meta":{}},{"ancestorTitles":["Login Component"],"fullName":"Login Component shows error alert for wrong credentials","status":"passed","title":"shows error alert for wrong credentials","duration":6.4635000000707805,"failureMessages":[],"location":{"line":46,"column":3},"meta":{}}],"startTime":1747650895943,"endTime":1747650896009.4634,"status":"passed","message":"","name":"C:/Users/Kottai samy/Desktop/Learning/Vitest/src/unit_test/Login.test.jsx"}]}